<?xml version="1.0" encoding="UTF-8"?>
<!-- Generated by org.testng.reporters.JUnitReportReporter -->
<testsuite skipped="0" hostname="schakrab2l5" name="abcd.NewTest" tests="4" failures="0" timestamp="2020-01-24T09:20:02 IST" time="0.015" errors="0">
  <testcase name="test4" time="0.002" classname="abcd.NewTest"/>
  <testcase name="test1" time="0.010" classname="abcd.NewTest"/>
  <testcase name="test3" time="0.002" classname="abcd.NewTest"/>
  <testcase name="test2" time="0.001" classname="abcd.NewTest"/>
</testsuite> <!-- abcd.NewTest -->
