<?xml version="1.0" encoding="UTF-8"?>
<!-- Generated by org.testng.reporters.JUnitReportReporter -->
<testsuite skipped="0" hostname="schakrab2l5" name="abcd.Class2" tests="4" failures="0" timestamp="2020-01-24T09:20:02 IST" time="0.014" errors="0">
  <testcase name="test5" time="0.010" classname="abcd.Class2"/>
  <testcase name="test6" time="0.002" classname="abcd.Class2"/>
  <testcase name="test7" time="0.001" classname="abcd.Class2"/>
  <testcase name="test8" time="0.001" classname="abcd.Class2"/>
</testsuite> <!-- abcd.Class2 -->
